2018-11-07 01:00:38.0929||Microsoft.EntityFrameworkCore.Infrastructure|INFO|Entity Framework Core 2.1.4-rtm-31024 initialized 'MushkaDbContext' using provider 'Microsoft.EntityFrameworkCore.SqlServer' with options: None 
2018-11-07 01:00:38.1289||Microsoft.EntityFrameworkCore.Infrastructure|INFO|Entity Framework Core 2.1.4-rtm-31024 initialized 'MushkaDbContext' using provider 'Microsoft.EntityFrameworkCore.SqlServer' with options: None 
2018-11-07 01:01:06.7009||Microsoft.EntityFrameworkCore.Infrastructure|INFO|Entity Framework Core 2.1.4-rtm-31024 initialized 'MushkaDbContext' using provider 'Microsoft.EntityFrameworkCore.SqlServer' with options: None 
2018-11-07 01:01:06.7369||Microsoft.EntityFrameworkCore.Infrastructure|INFO|Entity Framework Core 2.1.4-rtm-31024 initialized 'MushkaDbContext' using provider 'Microsoft.EntityFrameworkCore.SqlServer' with options: None 
2018-11-07 01:01:17.7483||Microsoft.EntityFrameworkCore.Database.Command|INFO|Executed DbCommand (243ms) [Parameters=[], CommandType='Text', CommandTimeout='60']
CREATE DATABASE [Mushka]; 
2018-11-07 01:01:17.7483||Microsoft.EntityFrameworkCore.Database.Command|INFO|Executed DbCommand (243ms) [Parameters=[], CommandType='Text', CommandTimeout='60']
CREATE DATABASE [Mushka]; 
2018-11-07 01:01:17.8365||Microsoft.EntityFrameworkCore.Database.Command|INFO|Executed DbCommand (81ms) [Parameters=[], CommandType='Text', CommandTimeout='60']
IF SERVERPROPERTY('EngineEdition') <> 5
BEGIN
    ALTER DATABASE [Mushka] SET READ_COMMITTED_SNAPSHOT ON;
END; 
2018-11-07 01:01:17.8365||Microsoft.EntityFrameworkCore.Database.Command|INFO|Executed DbCommand (81ms) [Parameters=[], CommandType='Text', CommandTimeout='60']
IF SERVERPROPERTY('EngineEdition') <> 5
BEGIN
    ALTER DATABASE [Mushka] SET READ_COMMITTED_SNAPSHOT ON;
END; 
2018-11-07 01:01:17.9345||Microsoft.EntityFrameworkCore.Database.Command|INFO|Executed DbCommand (4ms) [Parameters=[], CommandType='Text', CommandTimeout='30']
CREATE TABLE [__EFMigrationsHistory] (
    [MigrationId] nvarchar(150) NOT NULL,
    [ProductVersion] nvarchar(32) NOT NULL,
    CONSTRAINT [PK___EFMigrationsHistory] PRIMARY KEY ([MigrationId])
); 
2018-11-07 01:01:17.9345||Microsoft.EntityFrameworkCore.Database.Command|INFO|Executed DbCommand (4ms) [Parameters=[], CommandType='Text', CommandTimeout='30']
CREATE TABLE [__EFMigrationsHistory] (
    [MigrationId] nvarchar(150) NOT NULL,
    [ProductVersion] nvarchar(32) NOT NULL,
    CONSTRAINT [PK___EFMigrationsHistory] PRIMARY KEY ([MigrationId])
); 
2018-11-07 01:01:17.9637||Microsoft.EntityFrameworkCore.Database.Command|INFO|Executed DbCommand (26ms) [Parameters=[], CommandType='Text', CommandTimeout='30']
SELECT OBJECT_ID(N'[__EFMigrationsHistory]'); 
2018-11-07 01:01:17.9637||Microsoft.EntityFrameworkCore.Database.Command|INFO|Executed DbCommand (26ms) [Parameters=[], CommandType='Text', CommandTimeout='30']
SELECT OBJECT_ID(N'[__EFMigrationsHistory]'); 
2018-11-07 01:01:17.9637||Microsoft.EntityFrameworkCore.Database.Command|INFO|Executed DbCommand (3ms) [Parameters=[], CommandType='Text', CommandTimeout='30']
SELECT [MigrationId], [ProductVersion]
FROM [__EFMigrationsHistory]
ORDER BY [MigrationId]; 
2018-11-07 01:01:17.9637||Microsoft.EntityFrameworkCore.Database.Command|INFO|Executed DbCommand (3ms) [Parameters=[], CommandType='Text', CommandTimeout='30']
SELECT [MigrationId], [ProductVersion]
FROM [__EFMigrationsHistory]
ORDER BY [MigrationId]; 
2018-11-07 01:01:17.9815||Microsoft.EntityFrameworkCore.Migrations|INFO|Applying migration '20181106230038_Initial'. 
2018-11-07 01:01:17.9815||Microsoft.EntityFrameworkCore.Migrations|INFO|Applying migration '20181106230038_Initial'. 
2018-11-07 01:01:18.0600||Microsoft.EntityFrameworkCore.Database.Command|INFO|Executed DbCommand (1ms) [Parameters=[], CommandType='Text', CommandTimeout='30']
CREATE TABLE [Categories] (
    [Id] uniqueidentifier NOT NULL,
    [Name] nvarchar(max) NOT NULL,
    CONSTRAINT [PK_Categories] PRIMARY KEY ([Id])
); 
2018-11-07 01:01:18.0600||Microsoft.EntityFrameworkCore.Database.Command|INFO|Executed DbCommand (1ms) [Parameters=[], CommandType='Text', CommandTimeout='30']
CREATE TABLE [Categories] (
    [Id] uniqueidentifier NOT NULL,
    [Name] nvarchar(max) NOT NULL,
    CONSTRAINT [PK_Categories] PRIMARY KEY ([Id])
); 
2018-11-07 01:01:18.0600||Microsoft.EntityFrameworkCore.Database.Command|INFO|Executed DbCommand (1ms) [Parameters=[], CommandType='Text', CommandTimeout='30']
CREATE TABLE [Deliveries] (
    [Id] uniqueidentifier NOT NULL,
    [RequestDate] datetime2 NOT NULL,
    [DeliveryDate] datetime2 NOT NULL,
    [PaymentMethod] int NOT NULL,
    [Cost] Money NOT NULL,
    [TransferFee] Money NOT NULL,
    [BankFee] Money NOT NULL,
    CONSTRAINT [PK_Deliveries] PRIMARY KEY ([Id])
); 
2018-11-07 01:01:18.0600||Microsoft.EntityFrameworkCore.Database.Command|INFO|Executed DbCommand (1ms) [Parameters=[], CommandType='Text', CommandTimeout='30']
CREATE TABLE [Deliveries] (
    [Id] uniqueidentifier NOT NULL,
    [RequestDate] datetime2 NOT NULL,
    [DeliveryDate] datetime2 NOT NULL,
    [PaymentMethod] int NOT NULL,
    [Cost] Money NOT NULL,
    [TransferFee] Money NOT NULL,
    [BankFee] Money NOT NULL,
    CONSTRAINT [PK_Deliveries] PRIMARY KEY ([Id])
); 
2018-11-07 01:01:18.0600||Microsoft.EntityFrameworkCore.Database.Command|INFO|Executed DbCommand (1ms) [Parameters=[], CommandType='Text', CommandTimeout='30']
CREATE TABLE [Orders] (
    [Id] uniqueidentifier NOT NULL,
    [OrderDate] datetime2 NOT NULL,
    [PaymentMethod] int NOT NULL,
    CONSTRAINT [PK_Orders] PRIMARY KEY ([Id])
); 
2018-11-07 01:01:18.0600||Microsoft.EntityFrameworkCore.Database.Command|INFO|Executed DbCommand (1ms) [Parameters=[], CommandType='Text', CommandTimeout='30']
CREATE TABLE [Orders] (
    [Id] uniqueidentifier NOT NULL,
    [OrderDate] datetime2 NOT NULL,
    [PaymentMethod] int NOT NULL,
    CONSTRAINT [PK_Orders] PRIMARY KEY ([Id])
); 
2018-11-07 01:01:18.0600||Microsoft.EntityFrameworkCore.Database.Command|INFO|Executed DbCommand (1ms) [Parameters=[], CommandType='Text', CommandTimeout='30']
CREATE TABLE [Sizes] (
    [Id] uniqueidentifier NOT NULL,
    [Name] nvarchar(450) NOT NULL,
    CONSTRAINT [PK_Sizes] PRIMARY KEY ([Id])
); 
2018-11-07 01:01:18.0600||Microsoft.EntityFrameworkCore.Database.Command|INFO|Executed DbCommand (1ms) [Parameters=[], CommandType='Text', CommandTimeout='30']
CREATE TABLE [Sizes] (
    [Id] uniqueidentifier NOT NULL,
    [Name] nvarchar(450) NOT NULL,
    CONSTRAINT [PK_Sizes] PRIMARY KEY ([Id])
); 
2018-11-07 01:01:18.0600||Microsoft.EntityFrameworkCore.Database.Command|INFO|Executed DbCommand (1ms) [Parameters=[], CommandType='Text', CommandTimeout='30']
CREATE TABLE [Products] (
    [Id] uniqueidentifier NOT NULL,
    [Name] nvarchar(max) NOT NULL,
    [Code] nvarchar(max) NOT NULL,
    [CreatedOn] datetime2 NOT NULL,
    [CategoryId] uniqueidentifier NOT NULL,
    CONSTRAINT [PK_Products] PRIMARY KEY ([Id]),
    CONSTRAINT [FK_Products_Categories_CategoryId] FOREIGN KEY ([CategoryId]) REFERENCES [Categories] ([Id]) ON DELETE CASCADE
); 
2018-11-07 01:01:18.0600||Microsoft.EntityFrameworkCore.Database.Command|INFO|Executed DbCommand (1ms) [Parameters=[], CommandType='Text', CommandTimeout='30']
CREATE TABLE [Products] (
    [Id] uniqueidentifier NOT NULL,
    [Name] nvarchar(max) NOT NULL,
    [Code] nvarchar(max) NOT NULL,
    [CreatedOn] datetime2 NOT NULL,
    [CategoryId] uniqueidentifier NOT NULL,
    CONSTRAINT [PK_Products] PRIMARY KEY ([Id]),
    CONSTRAINT [FK_Products_Categories_CategoryId] FOREIGN KEY ([CategoryId]) REFERENCES [Categories] ([Id]) ON DELETE CASCADE
); 
2018-11-07 01:01:18.0684||Microsoft.EntityFrameworkCore.Database.Command|INFO|Executed DbCommand (1ms) [Parameters=[], CommandType='Text', CommandTimeout='30']
CREATE TABLE [DeliveryProducts] (
    [DeliveryId] uniqueidentifier NOT NULL,
    [ProductId] uniqueidentifier NOT NULL,
    [SizeId] uniqueidentifier NOT NULL,
    [Quantity] int NOT NULL,
    [PriceForItem] Money NOT NULL,
    CONSTRAINT [PK_DeliveryProducts] PRIMARY KEY ([ProductId], [DeliveryId], [SizeId]),
    CONSTRAINT [FK_DeliveryProducts_Deliveries_DeliveryId] FOREIGN KEY ([DeliveryId]) REFERENCES [Deliveries] ([Id]) ON DELETE CASCADE,
    CONSTRAINT [FK_DeliveryProducts_Products_ProductId] FOREIGN KEY ([ProductId]) REFERENCES [Products] ([Id]) ON DELETE CASCADE,
    CONSTRAINT [FK_DeliveryProducts_Sizes_SizeId] FOREIGN KEY ([SizeId]) REFERENCES [Sizes] ([Id]) ON DELETE CASCADE
); 
2018-11-07 01:01:18.0684||Microsoft.EntityFrameworkCore.Database.Command|INFO|Executed DbCommand (1ms) [Parameters=[], CommandType='Text', CommandTimeout='30']
CREATE TABLE [DeliveryProducts] (
    [DeliveryId] uniqueidentifier NOT NULL,
    [ProductId] uniqueidentifier NOT NULL,
    [SizeId] uniqueidentifier NOT NULL,
    [Quantity] int NOT NULL,
    [PriceForItem] Money NOT NULL,
    CONSTRAINT [PK_DeliveryProducts] PRIMARY KEY ([ProductId], [DeliveryId], [SizeId]),
    CONSTRAINT [FK_DeliveryProducts_Deliveries_DeliveryId] FOREIGN KEY ([DeliveryId]) REFERENCES [Deliveries] ([Id]) ON DELETE CASCADE,
    CONSTRAINT [FK_DeliveryProducts_Products_ProductId] FOREIGN KEY ([ProductId]) REFERENCES [Products] ([Id]) ON DELETE CASCADE,
    CONSTRAINT [FK_DeliveryProducts_Sizes_SizeId] FOREIGN KEY ([SizeId]) REFERENCES [Sizes] ([Id]) ON DELETE CASCADE
); 
2018-11-07 01:01:18.0684||Microsoft.EntityFrameworkCore.Database.Command|INFO|Executed DbCommand (2ms) [Parameters=[], CommandType='Text', CommandTimeout='30']
CREATE TABLE [OrderProducts] (
    [OrderId] uniqueidentifier NOT NULL,
    [ProductId] uniqueidentifier NOT NULL,
    [SizeId] uniqueidentifier NOT NULL,
    [Quantity] int NOT NULL,
    [PriceForItem] Money NOT NULL,
    CONSTRAINT [PK_OrderProducts] PRIMARY KEY ([ProductId], [OrderId], [SizeId]),
    CONSTRAINT [FK_OrderProducts_Orders_OrderId] FOREIGN KEY ([OrderId]) REFERENCES [Orders] ([Id]) ON DELETE CASCADE,
    CONSTRAINT [FK_OrderProducts_Products_ProductId] FOREIGN KEY ([ProductId]) REFERENCES [Products] ([Id]) ON DELETE CASCADE,
    CONSTRAINT [FK_OrderProducts_Sizes_SizeId] FOREIGN KEY ([SizeId]) REFERENCES [Sizes] ([Id]) ON DELETE CASCADE
); 
2018-11-07 01:01:18.0684||Microsoft.EntityFrameworkCore.Database.Command|INFO|Executed DbCommand (2ms) [Parameters=[], CommandType='Text', CommandTimeout='30']
CREATE TABLE [OrderProducts] (
    [OrderId] uniqueidentifier NOT NULL,
    [ProductId] uniqueidentifier NOT NULL,
    [SizeId] uniqueidentifier NOT NULL,
    [Quantity] int NOT NULL,
    [PriceForItem] Money NOT NULL,
    CONSTRAINT [PK_OrderProducts] PRIMARY KEY ([ProductId], [OrderId], [SizeId]),
    CONSTRAINT [FK_OrderProducts_Orders_OrderId] FOREIGN KEY ([OrderId]) REFERENCES [Orders] ([Id]) ON DELETE CASCADE,
    CONSTRAINT [FK_OrderProducts_Products_ProductId] FOREIGN KEY ([ProductId]) REFERENCES [Products] ([Id]) ON DELETE CASCADE,
    CONSTRAINT [FK_OrderProducts_Sizes_SizeId] FOREIGN KEY ([SizeId]) REFERENCES [Sizes] ([Id]) ON DELETE CASCADE
); 
2018-11-07 01:01:18.0684||Microsoft.EntityFrameworkCore.Database.Command|INFO|Executed DbCommand (1ms) [Parameters=[], CommandType='Text', CommandTimeout='30']
CREATE TABLE [ProductSizes] (
    [ProductId] uniqueidentifier NOT NULL,
    [SizeId] uniqueidentifier NOT NULL,
    [Quantity] int NOT NULL,
    CONSTRAINT [PK_ProductSizes] PRIMARY KEY ([ProductId], [SizeId]),
    CONSTRAINT [FK_ProductSizes_Products_ProductId] FOREIGN KEY ([ProductId]) REFERENCES [Products] ([Id]) ON DELETE CASCADE,
    CONSTRAINT [FK_ProductSizes_Sizes_SizeId] FOREIGN KEY ([SizeId]) REFERENCES [Sizes] ([Id]) ON DELETE CASCADE
); 
2018-11-07 01:01:18.0684||Microsoft.EntityFrameworkCore.Database.Command|INFO|Executed DbCommand (1ms) [Parameters=[], CommandType='Text', CommandTimeout='30']
CREATE TABLE [ProductSizes] (
    [ProductId] uniqueidentifier NOT NULL,
    [SizeId] uniqueidentifier NOT NULL,
    [Quantity] int NOT NULL,
    CONSTRAINT [PK_ProductSizes] PRIMARY KEY ([ProductId], [SizeId]),
    CONSTRAINT [FK_ProductSizes_Products_ProductId] FOREIGN KEY ([ProductId]) REFERENCES [Products] ([Id]) ON DELETE CASCADE,
    CONSTRAINT [FK_ProductSizes_Sizes_SizeId] FOREIGN KEY ([SizeId]) REFERENCES [Sizes] ([Id]) ON DELETE CASCADE
); 
2018-11-07 01:01:18.1341||Microsoft.EntityFrameworkCore.Database.Command|INFO|Executed DbCommand (13ms) [Parameters=[], CommandType='Text', CommandTimeout='30']
IF EXISTS (SELECT * FROM [sys].[identity_columns] WHERE [name] IN (N'Id', N'Name') AND [object_id] = OBJECT_ID(N'[Categories]'))
    SET IDENTITY_INSERT [Categories] ON;
INSERT INTO [Categories] ([Id], [Name])
VALUES ('88cd0f34-9d4a-4e45-be97-8899a97fb82c', N'Socks'),
('0e7be1de-267c-4c0a-8ee9-aba0a267f27a', N'Pack'),
('b425d75b-2e72-45f0-a55d-3ba400051e5f', N'Other');
IF EXISTS (SELECT * FROM [sys].[identity_columns] WHERE [name] IN (N'Id', N'Name') AND [object_id] = OBJECT_ID(N'[Categories]'))
    SET IDENTITY_INSERT [Categories] OFF; 
2018-11-07 01:01:18.1341||Microsoft.EntityFrameworkCore.Database.Command|INFO|Executed DbCommand (13ms) [Parameters=[], CommandType='Text', CommandTimeout='30']
IF EXISTS (SELECT * FROM [sys].[identity_columns] WHERE [name] IN (N'Id', N'Name') AND [object_id] = OBJECT_ID(N'[Categories]'))
    SET IDENTITY_INSERT [Categories] ON;
INSERT INTO [Categories] ([Id], [Name])
VALUES ('88cd0f34-9d4a-4e45-be97-8899a97fb82c', N'Socks'),
('0e7be1de-267c-4c0a-8ee9-aba0a267f27a', N'Pack'),
('b425d75b-2e72-45f0-a55d-3ba400051e5f', N'Other');
IF EXISTS (SELECT * FROM [sys].[identity_columns] WHERE [name] IN (N'Id', N'Name') AND [object_id] = OBJECT_ID(N'[Categories]'))
    SET IDENTITY_INSERT [Categories] OFF; 
2018-11-07 01:01:18.1341||Microsoft.EntityFrameworkCore.Database.Command|INFO|Executed DbCommand (6ms) [Parameters=[], CommandType='Text', CommandTimeout='30']
IF EXISTS (SELECT * FROM [sys].[identity_columns] WHERE [name] IN (N'Id', N'BankFee', N'Cost', N'DeliveryDate', N'PaymentMethod', N'RequestDate', N'TransferFee') AND [object_id] = OBJECT_ID(N'[Deliveries]'))
    SET IDENTITY_INSERT [Deliveries] ON;
INSERT INTO [Deliveries] ([Id], [BankFee], [Cost], [DeliveryDate], [PaymentMethod], [RequestDate], [TransferFee])
VALUES ('4e50f00d-4fd9-4dfe-8d56-18a2399dd7b6', 222.0, 41319.0, '2018-04-05T00:00:00.0000000', 3, '2018-02-13T00:00:00.0000000', 940.0),
('32c74ef3-adfd-4723-a319-9b8984d1b7fb', 90.0, 16500.0, '2018-06-01T00:00:00.0000000', 3, '2018-05-03T00:00:00.0000000', 90.0),
('b2d8b13b-aa82-4820-ba85-e23501869c3a', 110.0, 39720.0, '2018-09-26T00:00:00.0000000', 3, '2018-08-26T00:00:00.0000000', 810.0);
IF EXISTS (SELECT * FROM [sys].[identity_columns] WHERE [name] IN (N'Id', N'BankFee', N'Cost', N'DeliveryDate', N'PaymentMethod', N'RequestDate', N'TransferFee') AND [object_id] = OBJECT_ID(N'[Deliveries]'))
    SET IDENTITY_INSERT [Deliveries] OFF; 
2018-11-07 01:01:18.1341||Microsoft.EntityFrameworkCore.Database.Command|INFO|Executed DbCommand (6ms) [Parameters=[], CommandType='Text', CommandTimeout='30']
IF EXISTS (SELECT * FROM [sys].[identity_columns] WHERE [name] IN (N'Id', N'BankFee', N'Cost', N'DeliveryDate', N'PaymentMethod', N'RequestDate', N'TransferFee') AND [object_id] = OBJECT_ID(N'[Deliveries]'))
    SET IDENTITY_INSERT [Deliveries] ON;
INSERT INTO [Deliveries] ([Id], [BankFee], [Cost], [DeliveryDate], [PaymentMethod], [RequestDate], [TransferFee])
VALUES ('4e50f00d-4fd9-4dfe-8d56-18a2399dd7b6', 222.0, 41319.0, '2018-04-05T00:00:00.0000000', 3, '2018-02-13T00:00:00.0000000', 940.0),
('32c74ef3-adfd-4723-a319-9b8984d1b7fb', 90.0, 16500.0, '2018-06-01T00:00:00.0000000', 3, '2018-05-03T00:00:00.0000000', 90.0),
('b2d8b13b-aa82-4820-ba85-e23501869c3a', 110.0, 39720.0, '2018-09-26T00:00:00.0000000', 3, '2018-08-26T00:00:00.0000000', 810.0);
IF EXISTS (SELECT * FROM [sys].[identity_columns] WHERE [name] IN (N'Id', N'BankFee', N'Cost', N'DeliveryDate', N'PaymentMethod', N'RequestDate', N'TransferFee') AND [object_id] = OBJECT_ID(N'[Deliveries]'))
    SET IDENTITY_INSERT [Deliveries] OFF; 
2018-11-07 01:01:18.1644||Microsoft.EntityFrameworkCore.Database.Command|INFO|Executed DbCommand (5ms) [Parameters=[], CommandType='Text', CommandTimeout='30']
IF EXISTS (SELECT * FROM [sys].[identity_columns] WHERE [name] IN (N'Id', N'Name') AND [object_id] = OBJECT_ID(N'[Sizes]'))
    SET IDENTITY_INSERT [Sizes] ON;
INSERT INTO [Sizes] ([Id], [Name])
VALUES ('eccef8a9-2c41-4270-9001-d0eb7e21b9e2', N'36-39'),
('2dfa21ef-5eed-462f-b5e5-06ee31281ba2', N'41-45'),
('fb8356a5-1629-4f9f-9b51-3d40e0e55f84', N'39-42'),
('6e519491-8fd8-45f2-992e-270b01f25971', N'43-46');
IF EXISTS (SELECT * FROM [sys].[identity_columns] WHERE [name] IN (N'Id', N'Name') AND [object_id] = OBJECT_ID(N'[Sizes]'))
    SET IDENTITY_INSERT [Sizes] OFF; 
2018-11-07 01:01:18.1644||Microsoft.EntityFrameworkCore.Database.Command|INFO|Executed DbCommand (5ms) [Parameters=[], CommandType='Text', CommandTimeout='30']
IF EXISTS (SELECT * FROM [sys].[identity_columns] WHERE [name] IN (N'Id', N'Name') AND [object_id] = OBJECT_ID(N'[Sizes]'))
    SET IDENTITY_INSERT [Sizes] ON;
INSERT INTO [Sizes] ([Id], [Name])
VALUES ('eccef8a9-2c41-4270-9001-d0eb7e21b9e2', N'36-39'),
('2dfa21ef-5eed-462f-b5e5-06ee31281ba2', N'41-45'),
('fb8356a5-1629-4f9f-9b51-3d40e0e55f84', N'39-42'),
('6e519491-8fd8-45f2-992e-270b01f25971', N'43-46');
IF EXISTS (SELECT * FROM [sys].[identity_columns] WHERE [name] IN (N'Id', N'Name') AND [object_id] = OBJECT_ID(N'[Sizes]'))
    SET IDENTITY_INSERT [Sizes] OFF; 
2018-11-07 01:01:18.1644||Microsoft.EntityFrameworkCore.Database.Command|INFO|Executed DbCommand (7ms) [Parameters=[], CommandType='Text', CommandTimeout='30']
IF EXISTS (SELECT * FROM [sys].[identity_columns] WHERE [name] IN (N'Id', N'CategoryId', N'Code', N'CreatedOn', N'Name') AND [object_id] = OBJECT_ID(N'[Products]'))
    SET IDENTITY_INSERT [Products] ON;
INSERT INTO [Products] ([Id], [CategoryId], [Code], [CreatedOn], [Name])
VALUES ('a9ab38d1-c2b2-4c50-9ab9-80335f4561f8', '88cd0f34-9d4a-4e45-be97-8899a97fb82c', N'AIR001', '2018-11-06T00:00:00.0000000', N'Airplane'),
('b62555e5-e51b-41e2-9bf8-6a750edc0d8a', '88cd0f34-9d4a-4e45-be97-8899a97fb82c', N'SWR001', '2018-11-06T00:00:00.0000000', N'Cherry'),
('304af5df-1d03-40c3-af40-9c6259898f75', '88cd0f34-9d4a-4e45-be97-8899a97fb82c', N'SWY001', '2018-11-06T00:00:00.0000000', N'Limono'),
('574f3353-0c6e-4148-a8ef-0db9559f3864', '88cd0f34-9d4a-4e45-be97-8899a97fb82c', N'GAL001', '2018-11-06T00:00:00.0000000', N'Spaceman'),
('32ae1bae-c186-4e7c-a6af-d683e10d1480', '88cd0f34-9d4a-4e45-be97-8899a97fb82c', N'DOW001', '2018-11-06T00:00:00.0000000', N'Apelsinka'),
('8636296d-e47c-4bb8-a6fd-e0cc01d4e27a', '88cd0f34-9d4a-4e45-be97-8899a97fb82c', N'DRW001', '2018-11-06T00:00:00.0000000', N'Beboss dot'),
('65801c7f-37f6-4452-a304-ceaafc940d08', '88cd0f34-9d4a-4e45-be97-8899a97fb82c', N'DGY001', '2018-11-06T00:00:00.0000000', N'Avo-avocado'),
('637b0ba2-f1d9-4bf6-b1c7-1bc685033b36', '88cd0f34-9d4a-4e45-be97-8899a97fb82c', N'CFF001', '2018-11-06T00:00:00.0000000', N'CoffeeOk'),
('a9899cd5-9b2d-4241-8e28-0d1441933bad', '88cd0f34-9d4a-4e45-be97-8899a97fb82c', N'CAM001', '2018-11-06T00:00:00.0000000', N'Smile'),
('f869224c-80e6-43b6-94a4-2528ecd67a75', '88cd0f34-9d4a-4e45-be97-8899a97fb82c', N'BER001', '2018-11-06T00:00:00.0000000', N'Beer'),
('bddc1231-0952-4c6d-9a30-9de441cfa3a0', '88cd0f34-9d4a-4e45-be97-8899a97fb82c', N'BDM001', '2018-11-06T00:00:00.0000000', N'Badminton'),
('55386f8f-3234-42c0-a82a-65ea7dd50b28', '88cd0f34-9d4a-4e45-be97-8899a97fb82c', N'DRJ001', '2018-11-06T00:00:00.0000000', N'Yoda'),
('ba641024-d50a-4f9c-bfd9-a330fe12071e', '88cd0f34-9d4a-4e45-be97-8899a97fb82c', N'DRV001', '2018-11-06T00:00:00.0000000', N'Shturmovik'),
('365510f0-fb1a-42cd-b249-5ad514bf2f33', '88cd0f34-9d4a-4e45-be97-8899a97fb82c', N'DRT001', '2018-11-06T00:00:00.0000000', N'Dartik'),
('f9b055d3-5fd9-417f-b71d-0af81c821029', '88cd0f34-9d4a-4e45-be97-8899a97fb82c', N'MOT001', '2018-11-06T00:00:00.0000000', N'Motobike'),
('dfa69fa0-2df3-4254-95b7-f65eb4ed6c92', '88cd0f34-9d4a-4e45-be97-8899a97fb82c', N'BIK001', '2018-11-06T00:00:00.0000000', N'Bike'),
('6bb026fc-ae0f-4a87-b0e3-845b3d55e05b', '88cd0f34-9d4a-4e45-be97-8899a97fb82c', N'SBY001', '2018-11-06T00:00:00.0000000', N'Navy'),
('a6f3cc9a-bd32-49f5-8a5e-cad1262298f8', '88cd0f34-9d4a-4e45-be97-8899a97fb82c', N'', '2018-11-06T00:00:00.0000000', N'');
IF EXISTS (SELECT * FROM [sys].[identity_columns] WHERE [name] IN (N'Id', N'CategoryId', N'Code', N'CreatedOn', N'Name') AND [object_id] = OBJECT_ID(N'[Products]'))
    SET IDENTITY_INSERT [Products] OFF; 
2018-11-07 01:01:18.1644||Microsoft.EntityFrameworkCore.Database.Command|INFO|Executed DbCommand (7ms) [Parameters=[], CommandType='Text', CommandTimeout='30']
IF EXISTS (SELECT * FROM [sys].[identity_columns] WHERE [name] IN (N'Id', N'CategoryId', N'Code', N'CreatedOn', N'Name') AND [object_id] = OBJECT_ID(N'[Products]'))
    SET IDENTITY_INSERT [Products] ON;
INSERT INTO [Products] ([Id], [CategoryId], [Code], [CreatedOn], [Name])
VALUES ('a9ab38d1-c2b2-4c50-9ab9-80335f4561f8', '88cd0f34-9d4a-4e45-be97-8899a97fb82c', N'AIR001', '2018-11-06T00:00:00.0000000', N'Airplane'),
('b62555e5-e51b-41e2-9bf8-6a750edc0d8a', '88cd0f34-9d4a-4e45-be97-8899a97fb82c', N'SWR001', '2018-11-06T00:00:00.0000000', N'Cherry'),
('304af5df-1d03-40c3-af40-9c6259898f75', '88cd0f34-9d4a-4e45-be97-8899a97fb82c', N'SWY001', '2018-11-06T00:00:00.0000000', N'Limono'),
('574f3353-0c6e-4148-a8ef-0db9559f3864', '88cd0f34-9d4a-4e45-be97-8899a97fb82c', N'GAL001', '2018-11-06T00:00:00.0000000', N'Spaceman'),
('32ae1bae-c186-4e7c-a6af-d683e10d1480', '88cd0f34-9d4a-4e45-be97-8899a97fb82c', N'DOW001', '2018-11-06T00:00:00.0000000', N'Apelsinka'),
('8636296d-e47c-4bb8-a6fd-e0cc01d4e27a', '88cd0f34-9d4a-4e45-be97-8899a97fb82c', N'DRW001', '2018-11-06T00:00:00.0000000', N'Beboss dot'),
('65801c7f-37f6-4452-a304-ceaafc940d08', '88cd0f34-9d4a-4e45-be97-8899a97fb82c', N'DGY001', '2018-11-06T00:00:00.0000000', N'Avo-avocado'),
('637b0ba2-f1d9-4bf6-b1c7-1bc685033b36', '88cd0f34-9d4a-4e45-be97-8899a97fb82c', N'CFF001', '2018-11-06T00:00:00.0000000', N'CoffeeOk'),
('a9899cd5-9b2d-4241-8e28-0d1441933bad', '88cd0f34-9d4a-4e45-be97-8899a97fb82c', N'CAM001', '2018-11-06T00:00:00.0000000', N'Smile'),
('f869224c-80e6-43b6-94a4-2528ecd67a75', '88cd0f34-9d4a-4e45-be97-8899a97fb82c', N'BER001', '2018-11-06T00:00:00.0000000', N'Beer'),
('bddc1231-0952-4c6d-9a30-9de441cfa3a0', '88cd0f34-9d4a-4e45-be97-8899a97fb82c', N'BDM001', '2018-11-06T00:00:00.0000000', N'Badminton'),
('55386f8f-3234-42c0-a82a-65ea7dd50b28', '88cd0f34-9d4a-4e45-be97-8899a97fb82c', N'DRJ001', '2018-11-06T00:00:00.0000000', N'Yoda'),
('ba641024-d50a-4f9c-bfd9-a330fe12071e', '88cd0f34-9d4a-4e45-be97-8899a97fb82c', N'DRV001', '2018-11-06T00:00:00.0000000', N'Shturmovik'),
('365510f0-fb1a-42cd-b249-5ad514bf2f33', '88cd0f34-9d4a-4e45-be97-8899a97fb82c', N'DRT001', '2018-11-06T00:00:00.0000000', N'Dartik'),
('f9b055d3-5fd9-417f-b71d-0af81c821029', '88cd0f34-9d4a-4e45-be97-8899a97fb82c', N'MOT001', '2018-11-06T00:00:00.0000000', N'Motobike'),
('dfa69fa0-2df3-4254-95b7-f65eb4ed6c92', '88cd0f34-9d4a-4e45-be97-8899a97fb82c', N'BIK001', '2018-11-06T00:00:00.0000000', N'Bike'),
('6bb026fc-ae0f-4a87-b0e3-845b3d55e05b', '88cd0f34-9d4a-4e45-be97-8899a97fb82c', N'SBY001', '2018-11-06T00:00:00.0000000', N'Navy'),
('a6f3cc9a-bd32-49f5-8a5e-cad1262298f8', '88cd0f34-9d4a-4e45-be97-8899a97fb82c', N'', '2018-11-06T00:00:00.0000000', N'');
IF EXISTS (SELECT * FROM [sys].[identity_columns] WHERE [name] IN (N'Id', N'CategoryId', N'Code', N'CreatedOn', N'Name') AND [object_id] = OBJECT_ID(N'[Products]'))
    SET IDENTITY_INSERT [Products] OFF; 
2018-11-07 01:01:18.2335||Microsoft.EntityFrameworkCore.Database.Command|INFO|Executed DbCommand (9ms) [Parameters=[], CommandType='Text', CommandTimeout='30']
IF EXISTS (SELECT * FROM [sys].[identity_columns] WHERE [name] IN (N'ProductId', N'DeliveryId', N'SizeId', N'PriceForItem', N'Quantity') AND [object_id] = OBJECT_ID(N'[DeliveryProducts]'))
    SET IDENTITY_INSERT [DeliveryProducts] ON;
INSERT INTO [DeliveryProducts] ([ProductId], [DeliveryId], [SizeId], [PriceForItem], [Quantity])
VALUES ('a9ab38d1-c2b2-4c50-9ab9-80335f4561f8', '4e50f00d-4fd9-4dfe-8d56-18a2399dd7b6', 'fb8356a5-1629-4f9f-9b51-3d40e0e55f84', 25.0, 39),
('f869224c-80e6-43b6-94a4-2528ecd67a75', '4e50f00d-4fd9-4dfe-8d56-18a2399dd7b6', 'eccef8a9-2c41-4270-9001-d0eb7e21b9e2', 25.0, 53),
('f869224c-80e6-43b6-94a4-2528ecd67a75', '4e50f00d-4fd9-4dfe-8d56-18a2399dd7b6', '2dfa21ef-5eed-462f-b5e5-06ee31281ba2', 25.0, 53),
('a9899cd5-9b2d-4241-8e28-0d1441933bad', '4e50f00d-4fd9-4dfe-8d56-18a2399dd7b6', 'eccef8a9-2c41-4270-9001-d0eb7e21b9e2', 25.0, 43),
('637b0ba2-f1d9-4bf6-b1c7-1bc685033b36', '4e50f00d-4fd9-4dfe-8d56-18a2399dd7b6', 'eccef8a9-2c41-4270-9001-d0eb7e21b9e2', 25.0, 57),
('637b0ba2-f1d9-4bf6-b1c7-1bc685033b36', '4e50f00d-4fd9-4dfe-8d56-18a2399dd7b6', '2dfa21ef-5eed-462f-b5e5-06ee31281ba2', 25.0, 58),
('65801c7f-37f6-4452-a304-ceaafc940d08', '4e50f00d-4fd9-4dfe-8d56-18a2399dd7b6', 'eccef8a9-2c41-4270-9001-d0eb7e21b9e2', 20.0, 52),
('65801c7f-37f6-4452-a304-ceaafc940d08', '4e50f00d-4fd9-4dfe-8d56-18a2399dd7b6', '2dfa21ef-5eed-462f-b5e5-06ee31281ba2', 20.0, 51),
('8636296d-e47c-4bb8-a6fd-e0cc01d4e27a', '4e50f00d-4fd9-4dfe-8d56-18a2399dd7b6', 'eccef8a9-2c41-4270-9001-d0eb7e21b9e2', 25.0, 53),
('8636296d-e47c-4bb8-a6fd-e0cc01d4e27a', '4e50f00d-4fd9-4dfe-8d56-18a2399dd7b6', '2dfa21ef-5eed-462f-b5e5-06ee31281ba2', 25.0, 53),
('32ae1bae-c186-4e7c-a6af-d683e10d1480', '4e50f00d-4fd9-4dfe-8d56-18a2399dd7b6', 'eccef8a9-2c41-4270-9001-d0eb7e21b9e2', 25.0, 50),
('32ae1bae-c186-4e7c-a6af-d683e10d1480', '4e50f00d-4fd9-4dfe-8d56-18a2399dd7b6', '2dfa21ef-5eed-462f-b5e5-06ee31281ba2', 25.0, 48),
('574f3353-0c6e-4148-a8ef-0db9559f3864', '4e50f00d-4fd9-4dfe-8d56-18a2399dd7b6', 'eccef8a9-2c41-4270-9001-d0eb7e21b9e2', 25.0, 48),
('574f3353-0c6e-4148-a8ef-0db9559f3864', '4e50f00d-4fd9-4dfe-8d56-18a2399dd7b6', '2dfa21ef-5eed-462f-b5e5-06ee31281ba2', 25.0, 64),
('304af5df-1d03-40c3-af40-9c6259898f75', '4e50f00d-4fd9-4dfe-8d56-18a2399dd7b6', 'eccef8a9-2c41-4270-9001-d0eb7e21b9e2', 20.0, 60),
('304af5df-1d03-40c3-af40-9c6259898f75', '4e50f00d-4fd9-4dfe-8d56-18a2399dd7b6', '2dfa21ef-5eed-462f-b5e5-06ee31281ba2', 20.0, 57),
('b62555e5-e51b-41e2-9bf8-6a750edc0d8a', '4e50f00d-4fd9-4dfe-8d56-18a2399dd7b6', 'eccef8a9-2c41-4270-9001-d0eb7e21b9e2', 20.0, 65),
('b62555e5-e51b-41e2-9bf8-6a750edc0d8a', '4e50f00d-4fd9-4dfe-8d56-18a2399dd7b6', '2dfa21ef-5eed-462f-b5e5-06ee31281ba2', 20.0, 66),
('6bb026fc-ae0f-4a87-b0e3-845b3d55e05b', '4e50f00d-4fd9-4dfe-8d56-18a2399dd7b6', 'eccef8a9-2c41-4270-9001-d0eb7e21b9e2', 20.0, 54),
('6bb026fc-ae0f-4a87-b0e3-845b3d55e05b', '4e50f00d-4fd9-4dfe-8d56-18a2399dd7b6', '2dfa21ef-5eed-462f-b5e5-06ee31281ba2', 20.0, 62),
('bddc1231-0952-4c6d-9a30-9de441cfa3a0', '4e50f00d-4fd9-4dfe-8d56-18a2399dd7b6', '2dfa21ef-5eed-462f-b5e5-06ee31281ba2', 25.0, 48),
('bddc1231-0952-4c6d-9a30-9de441cfa3a0', '4e50f00d-4fd9-4dfe-8d56-18a2399dd7b6', 'eccef8a9-2c41-4270-9001-d0eb7e21b9e2', 25.0, 50),
('a9899cd5-9b2d-4241-8e28-0d1441933bad', '4e50f00d-4fd9-4dfe-8d56-18a2399dd7b6', '2dfa21ef-5eed-462f-b5e5-06ee31281ba2', 25.0, 44),
('dfa69fa0-2df3-4254-95b7-f65eb4ed6c92', '4e50f00d-4fd9-4dfe-8d56-18a2399dd7b6', '6e519491-8fd8-45f2-992e-270b01f25971', 25.0, 56),
('55386f8f-3234-42c0-a82a-65ea7dd50b28', '4e50f00d-4fd9-4dfe-8d56-18a2399dd7b6', '6e519491-8fd8-45f2-992e-270b01f25971', 25.0, 75),
('55386f8f-3234-42c0-a82a-65ea7dd50b28', '4e50f00d-4fd9-4dfe-8d56-18a2399dd7b6', 'fb8356a5-1629-4f9f-9b51-3d40e0e55f84', 25.0, 57),
('a9ab38d1-c2b2-4c50-9ab9-80335f4561f8', '4e50f00d-4fd9-4dfe-8d56-18a2399dd7b6', '6e519491-8fd8-45f2-992e-270b01f25971', 25.0, 38),
('365510f0-fb1a-42cd-b249-5ad514bf2f33', '4e50f00d-4fd9-4dfe-8d56-18a2399dd7b6', 'fb8356a5-1629-4f9f-9b51-3d40e0e55f84', 25.0, 56),
('f9b055d3-5fd9-417f-b71d-0af81c821029', '4e50f00d-4fd9-4dfe-8d56-18a2399dd7b6', 'fb8356a5-1629-4f9f-9b51-3d40e0e55f84', 30.0, 53),
('dfa69fa0-2df3-4254-95b7-f65eb4ed6c92', '4e50f00d-4fd9-4dfe-8d56-18a2399dd7b6', 'fb8356a5-1629-4f9f-9b51-3d40e0e55f84', 25.0, 52),
('ba641024-d50a-4f9c-bfd9-a330fe12071e', '4e50f00d-4fd9-4dfe-8d56-18a2399dd7b6', '6e519491-8fd8-45f2-992e-270b01f25971', 25.0, 54),
('365510f0-fb1a-42cd-b249-5ad514bf2f33', '4e50f00d-4fd9-4dfe-8d56-18a2399dd7b6', '6e519491-8fd8-45f2-992e-270b01f25971', 25.0, 46),
('f9b055d3-5fd9-417f-b71d-0af81c821029', '4e50f00d-4fd9-4dfe-8d56-18a2399dd7b6', '6e519491-8fd8-45f2-992e-270b01f25971', 30.0, 40),
('ba641024-d50a-4f9c-bfd9-a330fe12071e', '4e50f00d-4fd9-4dfe-8d56-18a2399dd7b6', 'fb8356a5-1629-4f9f-9b51-3d40e0e55f84', 25.0, 52);
IF EXISTS (SELECT * FROM [sys].[identity_columns] WHERE [name] IN (N'ProductId', N'DeliveryId', N'SizeId', N'PriceForItem', N'Quantity') AND [object_id] = OBJECT_ID(N'[DeliveryProducts]'))
    SET IDENTITY_INSERT [DeliveryProducts] OFF; 
2018-11-07 01:01:18.2335||Microsoft.EntityFrameworkCore.Database.Command|INFO|Executed DbCommand (9ms) [Parameters=[], CommandType='Text', CommandTimeout='30']
IF EXISTS (SELECT * FROM [sys].[identity_columns] WHERE [name] IN (N'ProductId', N'DeliveryId', N'SizeId', N'PriceForItem', N'Quantity') AND [object_id] = OBJECT_ID(N'[DeliveryProducts]'))
    SET IDENTITY_INSERT [DeliveryProducts] ON;
INSERT INTO [DeliveryProducts] ([ProductId], [DeliveryId], [SizeId], [PriceForItem], [Quantity])
VALUES ('a9ab38d1-c2b2-4c50-9ab9-80335f4561f8', '4e50f00d-4fd9-4dfe-8d56-18a2399dd7b6', 'fb8356a5-1629-4f9f-9b51-3d40e0e55f84', 25.0, 39),
('f869224c-80e6-43b6-94a4-2528ecd67a75', '4e50f00d-4fd9-4dfe-8d56-18a2399dd7b6', 'eccef8a9-2c41-4270-9001-d0eb7e21b9e2', 25.0, 53),
('f869224c-80e6-43b6-94a4-2528ecd67a75', '4e50f00d-4fd9-4dfe-8d56-18a2399dd7b6', '2dfa21ef-5eed-462f-b5e5-06ee31281ba2', 25.0, 53),
('a9899cd5-9b2d-4241-8e28-0d1441933bad', '4e50f00d-4fd9-4dfe-8d56-18a2399dd7b6', 'eccef8a9-2c41-4270-9001-d0eb7e21b9e2', 25.0, 43),
('637b0ba2-f1d9-4bf6-b1c7-1bc685033b36', '4e50f00d-4fd9-4dfe-8d56-18a2399dd7b6', 'eccef8a9-2c41-4270-9001-d0eb7e21b9e2', 25.0, 57),
('637b0ba2-f1d9-4bf6-b1c7-1bc685033b36', '4e50f00d-4fd9-4dfe-8d56-18a2399dd7b6', '2dfa21ef-5eed-462f-b5e5-06ee31281ba2', 25.0, 58),
('65801c7f-37f6-4452-a304-ceaafc940d08', '4e50f00d-4fd9-4dfe-8d56-18a2399dd7b6', 'eccef8a9-2c41-4270-9001-d0eb7e21b9e2', 20.0, 52),
('65801c7f-37f6-4452-a304-ceaafc940d08', '4e50f00d-4fd9-4dfe-8d56-18a2399dd7b6', '2dfa21ef-5eed-462f-b5e5-06ee31281ba2', 20.0, 51),
('8636296d-e47c-4bb8-a6fd-e0cc01d4e27a', '4e50f00d-4fd9-4dfe-8d56-18a2399dd7b6', 'eccef8a9-2c41-4270-9001-d0eb7e21b9e2', 25.0, 53),
('8636296d-e47c-4bb8-a6fd-e0cc01d4e27a', '4e50f00d-4fd9-4dfe-8d56-18a2399dd7b6', '2dfa21ef-5eed-462f-b5e5-06ee31281ba2', 25.0, 53),
('32ae1bae-c186-4e7c-a6af-d683e10d1480', '4e50f00d-4fd9-4dfe-8d56-18a2399dd7b6', 'eccef8a9-2c41-4270-9001-d0eb7e21b9e2', 25.0, 50),
('32ae1bae-c186-4e7c-a6af-d683e10d1480', '4e50f00d-4fd9-4dfe-8d56-18a2399dd7b6', '2dfa21ef-5eed-462f-b5e5-06ee31281ba2', 25.0, 48),
('574f3353-0c6e-4148-a8ef-0db9559f3864', '4e50f00d-4fd9-4dfe-8d56-18a2399dd7b6', 'eccef8a9-2c41-4270-9001-d0eb7e21b9e2', 25.0, 48),
('574f3353-0c6e-4148-a8ef-0db9559f3864', '4e50f00d-4fd9-4dfe-8d56-18a2399dd7b6', '2dfa21ef-5eed-462f-b5e5-06ee31281ba2', 25.0, 64),
('304af5df-1d03-40c3-af40-9c6259898f75', '4e50f00d-4fd9-4dfe-8d56-18a2399dd7b6', 'eccef8a9-2c41-4270-9001-d0eb7e21b9e2', 20.0, 60),
('304af5df-1d03-40c3-af40-9c6259898f75', '4e50f00d-4fd9-4dfe-8d56-18a2399dd7b6', '2dfa21ef-5eed-462f-b5e5-06ee31281ba2', 20.0, 57),
('b62555e5-e51b-41e2-9bf8-6a750edc0d8a', '4e50f00d-4fd9-4dfe-8d56-18a2399dd7b6', 'eccef8a9-2c41-4270-9001-d0eb7e21b9e2', 20.0, 65),
('b62555e5-e51b-41e2-9bf8-6a750edc0d8a', '4e50f00d-4fd9-4dfe-8d56-18a2399dd7b6', '2dfa21ef-5eed-462f-b5e5-06ee31281ba2', 20.0, 66),
('6bb026fc-ae0f-4a87-b0e3-845b3d55e05b', '4e50f00d-4fd9-4dfe-8d56-18a2399dd7b6', 'eccef8a9-2c41-4270-9001-d0eb7e21b9e2', 20.0, 54),
('6bb026fc-ae0f-4a87-b0e3-845b3d55e05b', '4e50f00d-4fd9-4dfe-8d56-18a2399dd7b6', '2dfa21ef-5eed-462f-b5e5-06ee31281ba2', 20.0, 62),
('bddc1231-0952-4c6d-9a30-9de441cfa3a0', '4e50f00d-4fd9-4dfe-8d56-18a2399dd7b6', '2dfa21ef-5eed-462f-b5e5-06ee31281ba2', 25.0, 48),
('bddc1231-0952-4c6d-9a30-9de441cfa3a0', '4e50f00d-4fd9-4dfe-8d56-18a2399dd7b6', 'eccef8a9-2c41-4270-9001-d0eb7e21b9e2', 25.0, 50),
('a9899cd5-9b2d-4241-8e28-0d1441933bad', '4e50f00d-4fd9-4dfe-8d56-18a2399dd7b6', '2dfa21ef-5eed-462f-b5e5-06ee31281ba2', 25.0, 44),
('dfa69fa0-2df3-4254-95b7-f65eb4ed6c92', '4e50f00d-4fd9-4dfe-8d56-18a2399dd7b6', '6e519491-8fd8-45f2-992e-270b01f25971', 25.0, 56),
('55386f8f-3234-42c0-a82a-65ea7dd50b28', '4e50f00d-4fd9-4dfe-8d56-18a2399dd7b6', '6e519491-8fd8-45f2-992e-270b01f25971', 25.0, 75),
('55386f8f-3234-42c0-a82a-65ea7dd50b28', '4e50f00d-4fd9-4dfe-8d56-18a2399dd7b6', 'fb8356a5-1629-4f9f-9b51-3d40e0e55f84', 25.0, 57),
('a9ab38d1-c2b2-4c50-9ab9-80335f4561f8', '4e50f00d-4fd9-4dfe-8d56-18a2399dd7b6', '6e519491-8fd8-45f2-992e-270b01f25971', 25.0, 38),
('365510f0-fb1a-42cd-b249-5ad514bf2f33', '4e50f00d-4fd9-4dfe-8d56-18a2399dd7b6', 'fb8356a5-1629-4f9f-9b51-3d40e0e55f84', 25.0, 56),
('f9b055d3-5fd9-417f-b71d-0af81c821029', '4e50f00d-4fd9-4dfe-8d56-18a2399dd7b6', 'fb8356a5-1629-4f9f-9b51-3d40e0e55f84', 30.0, 53),
('dfa69fa0-2df3-4254-95b7-f65eb4ed6c92', '4e50f00d-4fd9-4dfe-8d56-18a2399dd7b6', 'fb8356a5-1629-4f9f-9b51-3d40e0e55f84', 25.0, 52),
('ba641024-d50a-4f9c-bfd9-a330fe12071e', '4e50f00d-4fd9-4dfe-8d56-18a2399dd7b6', '6e519491-8fd8-45f2-992e-270b01f25971', 25.0, 54),
('365510f0-fb1a-42cd-b249-5ad514bf2f33', '4e50f00d-4fd9-4dfe-8d56-18a2399dd7b6', '6e519491-8fd8-45f2-992e-270b01f25971', 25.0, 46),
('f9b055d3-5fd9-417f-b71d-0af81c821029', '4e50f00d-4fd9-4dfe-8d56-18a2399dd7b6', '6e519491-8fd8-45f2-992e-270b01f25971', 30.0, 40),
('ba641024-d50a-4f9c-bfd9-a330fe12071e', '4e50f00d-4fd9-4dfe-8d56-18a2399dd7b6', 'fb8356a5-1629-4f9f-9b51-3d40e0e55f84', 25.0, 52);
IF EXISTS (SELECT * FROM [sys].[identity_columns] WHERE [name] IN (N'ProductId', N'DeliveryId', N'SizeId', N'PriceForItem', N'Quantity') AND [object_id] = OBJECT_ID(N'[DeliveryProducts]'))
    SET IDENTITY_INSERT [DeliveryProducts] OFF; 
2018-11-07 01:01:18.2812||Microsoft.EntityFrameworkCore.Database.Command|INFO|Executed DbCommand (7ms) [Parameters=[], CommandType='Text', CommandTimeout='30']
IF EXISTS (SELECT * FROM [sys].[identity_columns] WHERE [name] IN (N'ProductId', N'SizeId', N'Quantity') AND [object_id] = OBJECT_ID(N'[ProductSizes]'))
    SET IDENTITY_INSERT [ProductSizes] ON;
INSERT INTO [ProductSizes] ([ProductId], [SizeId], [Quantity])
VALUES ('32ae1bae-c186-4e7c-a6af-d683e10d1480', 'eccef8a9-2c41-4270-9001-d0eb7e21b9e2', 0),
('32ae1bae-c186-4e7c-a6af-d683e10d1480', '2dfa21ef-5eed-462f-b5e5-06ee31281ba2', 0),
('dfa69fa0-2df3-4254-95b7-f65eb4ed6c92', '6e519491-8fd8-45f2-992e-270b01f25971', 0),
('574f3353-0c6e-4148-a8ef-0db9559f3864', 'eccef8a9-2c41-4270-9001-d0eb7e21b9e2', 0),
('55386f8f-3234-42c0-a82a-65ea7dd50b28', '6e519491-8fd8-45f2-992e-270b01f25971', 0),
('dfa69fa0-2df3-4254-95b7-f65eb4ed6c92', 'fb8356a5-1629-4f9f-9b51-3d40e0e55f84', 0),
('304af5df-1d03-40c3-af40-9c6259898f75', 'eccef8a9-2c41-4270-9001-d0eb7e21b9e2', 0),
('304af5df-1d03-40c3-af40-9c6259898f75', '2dfa21ef-5eed-462f-b5e5-06ee31281ba2', 0),
('a9ab38d1-c2b2-4c50-9ab9-80335f4561f8', '6e519491-8fd8-45f2-992e-270b01f25971', 0),
('b62555e5-e51b-41e2-9bf8-6a750edc0d8a', 'eccef8a9-2c41-4270-9001-d0eb7e21b9e2', 0),
('b62555e5-e51b-41e2-9bf8-6a750edc0d8a', '2dfa21ef-5eed-462f-b5e5-06ee31281ba2', 0),
('a9ab38d1-c2b2-4c50-9ab9-80335f4561f8', 'fb8356a5-1629-4f9f-9b51-3d40e0e55f84', 0),
('574f3353-0c6e-4148-a8ef-0db9559f3864', '2dfa21ef-5eed-462f-b5e5-06ee31281ba2', 0),
('f9b055d3-5fd9-417f-b71d-0af81c821029', 'fb8356a5-1629-4f9f-9b51-3d40e0e55f84', 0),
('f9b055d3-5fd9-417f-b71d-0af81c821029', '6e519491-8fd8-45f2-992e-270b01f25971', 0),
('8636296d-e47c-4bb8-a6fd-e0cc01d4e27a', 'eccef8a9-2c41-4270-9001-d0eb7e21b9e2', 0),
('bddc1231-0952-4c6d-9a30-9de441cfa3a0', 'eccef8a9-2c41-4270-9001-d0eb7e21b9e2', 0),
('bddc1231-0952-4c6d-9a30-9de441cfa3a0', '2dfa21ef-5eed-462f-b5e5-06ee31281ba2', 0),
('ba641024-d50a-4f9c-bfd9-a330fe12071e', '6e519491-8fd8-45f2-992e-270b01f25971', 0),
('ba641024-d50a-4f9c-bfd9-a330fe12071e', 'fb8356a5-1629-4f9f-9b51-3d40e0e55f84', 0),
('f869224c-80e6-43b6-94a4-2528ecd67a75', 'eccef8a9-2c41-4270-9001-d0eb7e21b9e2', 0),
('f869224c-80e6-43b6-94a4-2528ecd67a75', '2dfa21ef-5eed-462f-b5e5-06ee31281ba2', 0),
('6bb026fc-ae0f-4a87-b0e3-845b3d55e05b', 'eccef8a9-2c41-4270-9001-d0eb7e21b9e2', 0),
('8636296d-e47c-4bb8-a6fd-e0cc01d4e27a', '2dfa21ef-5eed-462f-b5e5-06ee31281ba2', 0),
('a9899cd5-9b2d-4241-8e28-0d1441933bad', 'eccef8a9-2c41-4270-9001-d0eb7e21b9e2', 0),
('365510f0-fb1a-42cd-b249-5ad514bf2f33', '6e519491-8fd8-45f2-992e-270b01f25971', 0),
('637b0ba2-f1d9-4bf6-b1c7-1bc685033b36', 'eccef8a9-2c41-4270-9001-d0eb7e21b9e2', 0),
('637b0ba2-f1d9-4bf6-b1c7-1bc685033b36', '2dfa21ef-5eed-462f-b5e5-06ee31281ba2', 0),
('365510f0-fb1a-42cd-b249-5ad514bf2f33', 'fb8356a5-1629-4f9f-9b51-3d40e0e55f84', 0),
('65801c7f-37f6-4452-a304-ceaafc940d08', 'eccef8a9-2c41-4270-9001-d0eb7e21b9e2', 0),
('65801c7f-37f6-4452-a304-ceaafc940d08', '2dfa21ef-5eed-462f-b5e5-06ee31281ba2', 0),
('55386f8f-3234-42c0-a82a-65ea7dd50b28', 'fb8356a5-1629-4f9f-9b51-3d40e0e55f84', 0),
('a9899cd5-9b2d-4241-8e28-0d1441933bad', '2dfa21ef-5eed-462f-b5e5-06ee31281ba2', 0),
('6bb026fc-ae0f-4a87-b0e3-845b3d55e05b', '2dfa21ef-5eed-462f-b5e5-06ee31281ba2', 0);
IF EXISTS (SELECT * FROM [sys].[identity_columns] WHERE [name] IN (N'ProductId', N'SizeId', N'Quantity') AND [object_id] = OBJECT_ID(N'[ProductSizes]'))
    SET IDENTITY_INSERT [ProductSizes] OFF; 
2018-11-07 01:01:18.2812||Microsoft.EntityFrameworkCore.Database.Command|INFO|Executed DbCommand (7ms) [Parameters=[], CommandType='Text', CommandTimeout='30']
IF EXISTS (SELECT * FROM [sys].[identity_columns] WHERE [name] IN (N'ProductId', N'SizeId', N'Quantity') AND [object_id] = OBJECT_ID(N'[ProductSizes]'))
    SET IDENTITY_INSERT [ProductSizes] ON;
INSERT INTO [ProductSizes] ([ProductId], [SizeId], [Quantity])
VALUES ('32ae1bae-c186-4e7c-a6af-d683e10d1480', 'eccef8a9-2c41-4270-9001-d0eb7e21b9e2', 0),
('32ae1bae-c186-4e7c-a6af-d683e10d1480', '2dfa21ef-5eed-462f-b5e5-06ee31281ba2', 0),
('dfa69fa0-2df3-4254-95b7-f65eb4ed6c92', '6e519491-8fd8-45f2-992e-270b01f25971', 0),
('574f3353-0c6e-4148-a8ef-0db9559f3864', 'eccef8a9-2c41-4270-9001-d0eb7e21b9e2', 0),
('55386f8f-3234-42c0-a82a-65ea7dd50b28', '6e519491-8fd8-45f2-992e-270b01f25971', 0),
('dfa69fa0-2df3-4254-95b7-f65eb4ed6c92', 'fb8356a5-1629-4f9f-9b51-3d40e0e55f84', 0),
('304af5df-1d03-40c3-af40-9c6259898f75', 'eccef8a9-2c41-4270-9001-d0eb7e21b9e2', 0),
('304af5df-1d03-40c3-af40-9c6259898f75', '2dfa21ef-5eed-462f-b5e5-06ee31281ba2', 0),
('a9ab38d1-c2b2-4c50-9ab9-80335f4561f8', '6e519491-8fd8-45f2-992e-270b01f25971', 0),
('b62555e5-e51b-41e2-9bf8-6a750edc0d8a', 'eccef8a9-2c41-4270-9001-d0eb7e21b9e2', 0),
('b62555e5-e51b-41e2-9bf8-6a750edc0d8a', '2dfa21ef-5eed-462f-b5e5-06ee31281ba2', 0),
('a9ab38d1-c2b2-4c50-9ab9-80335f4561f8', 'fb8356a5-1629-4f9f-9b51-3d40e0e55f84', 0),
('574f3353-0c6e-4148-a8ef-0db9559f3864', '2dfa21ef-5eed-462f-b5e5-06ee31281ba2', 0),
('f9b055d3-5fd9-417f-b71d-0af81c821029', 'fb8356a5-1629-4f9f-9b51-3d40e0e55f84', 0),
('f9b055d3-5fd9-417f-b71d-0af81c821029', '6e519491-8fd8-45f2-992e-270b01f25971', 0),
('8636296d-e47c-4bb8-a6fd-e0cc01d4e27a', 'eccef8a9-2c41-4270-9001-d0eb7e21b9e2', 0),
('bddc1231-0952-4c6d-9a30-9de441cfa3a0', 'eccef8a9-2c41-4270-9001-d0eb7e21b9e2', 0),
('bddc1231-0952-4c6d-9a30-9de441cfa3a0', '2dfa21ef-5eed-462f-b5e5-06ee31281ba2', 0),
('ba641024-d50a-4f9c-bfd9-a330fe12071e', '6e519491-8fd8-45f2-992e-270b01f25971', 0),
('ba641024-d50a-4f9c-bfd9-a330fe12071e', 'fb8356a5-1629-4f9f-9b51-3d40e0e55f84', 0),
('f869224c-80e6-43b6-94a4-2528ecd67a75', 'eccef8a9-2c41-4270-9001-d0eb7e21b9e2', 0),
('f869224c-80e6-43b6-94a4-2528ecd67a75', '2dfa21ef-5eed-462f-b5e5-06ee31281ba2', 0),
('6bb026fc-ae0f-4a87-b0e3-845b3d55e05b', 'eccef8a9-2c41-4270-9001-d0eb7e21b9e2', 0),
('8636296d-e47c-4bb8-a6fd-e0cc01d4e27a', '2dfa21ef-5eed-462f-b5e5-06ee31281ba2', 0),
('a9899cd5-9b2d-4241-8e28-0d1441933bad', 'eccef8a9-2c41-4270-9001-d0eb7e21b9e2', 0),
('365510f0-fb1a-42cd-b249-5ad514bf2f33', '6e519491-8fd8-45f2-992e-270b01f25971', 0),
('637b0ba2-f1d9-4bf6-b1c7-1bc685033b36', 'eccef8a9-2c41-4270-9001-d0eb7e21b9e2', 0),
('637b0ba2-f1d9-4bf6-b1c7-1bc685033b36', '2dfa21ef-5eed-462f-b5e5-06ee31281ba2', 0),
('365510f0-fb1a-42cd-b249-5ad514bf2f33', 'fb8356a5-1629-4f9f-9b51-3d40e0e55f84', 0),
('65801c7f-37f6-4452-a304-ceaafc940d08', 'eccef8a9-2c41-4270-9001-d0eb7e21b9e2', 0),
('65801c7f-37f6-4452-a304-ceaafc940d08', '2dfa21ef-5eed-462f-b5e5-06ee31281ba2', 0),
('55386f8f-3234-42c0-a82a-65ea7dd50b28', 'fb8356a5-1629-4f9f-9b51-3d40e0e55f84', 0),
('a9899cd5-9b2d-4241-8e28-0d1441933bad', '2dfa21ef-5eed-462f-b5e5-06ee31281ba2', 0),
('6bb026fc-ae0f-4a87-b0e3-845b3d55e05b', '2dfa21ef-5eed-462f-b5e5-06ee31281ba2', 0);
IF EXISTS (SELECT * FROM [sys].[identity_columns] WHERE [name] IN (N'ProductId', N'SizeId', N'Quantity') AND [object_id] = OBJECT_ID(N'[ProductSizes]'))
    SET IDENTITY_INSERT [ProductSizes] OFF; 
2018-11-07 01:01:18.3033||Microsoft.EntityFrameworkCore.Database.Command|INFO|Executed DbCommand (1ms) [Parameters=[], CommandType='Text', CommandTimeout='30']
CREATE INDEX [IX_DeliveryProducts_DeliveryId] ON [DeliveryProducts] ([DeliveryId]); 
2018-11-07 01:01:18.3033||Microsoft.EntityFrameworkCore.Database.Command|INFO|Executed DbCommand (1ms) [Parameters=[], CommandType='Text', CommandTimeout='30']
CREATE INDEX [IX_DeliveryProducts_DeliveryId] ON [DeliveryProducts] ([DeliveryId]); 
2018-11-07 01:01:18.3033||Microsoft.EntityFrameworkCore.Database.Command|INFO|Executed DbCommand (1ms) [Parameters=[], CommandType='Text', CommandTimeout='30']
CREATE INDEX [IX_DeliveryProducts_SizeId] ON [DeliveryProducts] ([SizeId]); 
2018-11-07 01:01:18.3033||Microsoft.EntityFrameworkCore.Database.Command|INFO|Executed DbCommand (1ms) [Parameters=[], CommandType='Text', CommandTimeout='30']
CREATE INDEX [IX_DeliveryProducts_SizeId] ON [DeliveryProducts] ([SizeId]); 
2018-11-07 01:01:18.3033||Microsoft.EntityFrameworkCore.Database.Command|INFO|Executed DbCommand (0ms) [Parameters=[], CommandType='Text', CommandTimeout='30']
CREATE INDEX [IX_OrderProducts_OrderId] ON [OrderProducts] ([OrderId]); 
2018-11-07 01:01:18.3033||Microsoft.EntityFrameworkCore.Database.Command|INFO|Executed DbCommand (0ms) [Parameters=[], CommandType='Text', CommandTimeout='30']
CREATE INDEX [IX_OrderProducts_OrderId] ON [OrderProducts] ([OrderId]); 
2018-11-07 01:01:18.3033||Microsoft.EntityFrameworkCore.Database.Command|INFO|Executed DbCommand (0ms) [Parameters=[], CommandType='Text', CommandTimeout='30']
CREATE INDEX [IX_OrderProducts_SizeId] ON [OrderProducts] ([SizeId]); 
2018-11-07 01:01:18.3033||Microsoft.EntityFrameworkCore.Database.Command|INFO|Executed DbCommand (0ms) [Parameters=[], CommandType='Text', CommandTimeout='30']
CREATE INDEX [IX_OrderProducts_SizeId] ON [OrderProducts] ([SizeId]); 
2018-11-07 01:01:18.3033||Microsoft.EntityFrameworkCore.Database.Command|INFO|Executed DbCommand (1ms) [Parameters=[], CommandType='Text', CommandTimeout='30']
CREATE INDEX [IX_Products_CategoryId] ON [Products] ([CategoryId]); 
2018-11-07 01:01:18.3033||Microsoft.EntityFrameworkCore.Database.Command|INFO|Executed DbCommand (1ms) [Parameters=[], CommandType='Text', CommandTimeout='30']
CREATE INDEX [IX_Products_CategoryId] ON [Products] ([CategoryId]); 
2018-11-07 01:01:18.3444||Microsoft.EntityFrameworkCore.Database.Command|INFO|Executed DbCommand (1ms) [Parameters=[], CommandType='Text', CommandTimeout='30']
CREATE INDEX [IX_ProductSizes_SizeId] ON [ProductSizes] ([SizeId]); 
2018-11-07 01:01:18.3444||Microsoft.EntityFrameworkCore.Database.Command|INFO|Executed DbCommand (1ms) [Parameters=[], CommandType='Text', CommandTimeout='30']
CREATE INDEX [IX_ProductSizes_SizeId] ON [ProductSizes] ([SizeId]); 
2018-11-07 01:01:18.3444||Microsoft.EntityFrameworkCore.Database.Command|INFO|Executed DbCommand (1ms) [Parameters=[], CommandType='Text', CommandTimeout='30']
CREATE UNIQUE INDEX [IX_Sizes_Name] ON [Sizes] ([Name]); 
2018-11-07 01:01:18.3444||Microsoft.EntityFrameworkCore.Database.Command|INFO|Executed DbCommand (1ms) [Parameters=[], CommandType='Text', CommandTimeout='30']
CREATE UNIQUE INDEX [IX_Sizes_Name] ON [Sizes] ([Name]); 
2018-11-07 01:01:18.3444||Microsoft.EntityFrameworkCore.Database.Command|INFO|Executed DbCommand (1ms) [Parameters=[], CommandType='Text', CommandTimeout='30']
INSERT INTO [__EFMigrationsHistory] ([MigrationId], [ProductVersion])
VALUES (N'20181106230038_Initial', N'2.1.4-rtm-31024'); 
2018-11-07 01:01:18.3444||Microsoft.EntityFrameworkCore.Database.Command|INFO|Executed DbCommand (1ms) [Parameters=[], CommandType='Text', CommandTimeout='30']
INSERT INTO [__EFMigrationsHistory] ([MigrationId], [ProductVersion])
VALUES (N'20181106230038_Initial', N'2.1.4-rtm-31024'); 
